c:\users\w016902i\onedrive - staffordshire university\games engine creation\semester 1\programs\chapter14_readingfromafile\debug\vc142.pdb
c:\users\w016902i\onedrive - staffordshire university\games engine creation\semester 1\programs\chapter14_readingfromafile\debug\vc142.idb
c:\users\w016902i\onedrive - staffordshire university\games engine creation\semester 1\programs\chapter14_readingfromafile\debug\readingfromafileexample.obj
c:\users\tony_\desktop\chapter14_readingfromafile\debug\vc142.pdb
c:\users\tony_\desktop\chapter14_readingfromafile\debug\vc142.idb
c:\users\tony_\desktop\chapter14_readingfromafile\debug\readingfromafileexample.obj
c:\users\w016902i\onedrive - staffordshire university\games engine creation\semester 1\programs\chapter14_readingfromafile\debug\chapter14_readingfromafile.ilk
c:\users\w016902i\onedrive - staffordshire university\games engine creation\semester 1\programs\chapter14_readingfromafile\debug\chapter14_readingfromafile.exe
c:\users\w016902i\onedrive - staffordshire university\games engine creation\semester 1\programs\chapter14_readingfromafile\debug\chapter14_readingfromafile.pdb
c:\users\tony_\desktop\chapter14_readingfromafile\debug\chapter14_readingfromafile.ilk
c:\users\tony_\desktop\chapter14_readingfromafile\debug\chapter14_readingfromafile.exe
c:\users\tony_\desktop\chapter14_readingfromafile\debug\chapter14_readingfromafile.pdb
c:\users\tony_\desktop\chapter14_readingfromafile\debug\chapter14_readingfromafile-s500b-12.pdb
c:\users\tony_\desktop\chapter14_readingfromafile\debug\vc142-s500b-12.pdb
c:\users\tony_\desktop\chapter14_readingfromafile\debug\chapter1.cde106cc.tlog\cl.command.1.tlog
c:\users\tony_\desktop\chapter14_readingfromafile\debug\chapter1.cde106cc.tlog\cl.read.1.tlog
c:\users\tony_\desktop\chapter14_readingfromafile\debug\chapter1.cde106cc.tlog\cl.write.1.tlog
c:\users\tony_\desktop\chapter14_readingfromafile\debug\chapter1.cde106cc.tlog\link.command.1.tlog
c:\users\tony_\desktop\chapter14_readingfromafile\debug\chapter1.cde106cc.tlog\link.read.1.tlog
c:\users\tony_\desktop\chapter14_readingfromafile\debug\chapter1.cde106cc.tlog\link.write.1.tlog
