c:\users\w016902i\onedrive - staffordshire university\games engine creation\semester 1\programs\chapter14_writingtoafile\debug\vc142.pdb
c:\users\w016902i\onedrive - staffordshire university\games engine creation\semester 1\programs\chapter14_writingtoafile\debug\vc142.idb
c:\users\w016902i\onedrive - staffordshire university\games engine creation\semester 1\programs\chapter14_writingtoafile\debug\writingtoafileexample.obj
c:\users\tony_\desktop\chapter14_writingtoafile\debug\vc142.pdb
c:\users\tony_\desktop\chapter14_writingtoafile\debug\vc142.idb
c:\users\tony_\desktop\chapter14_writingtoafile\debug\writingtoafileexample.obj
c:\users\w016902i\onedrive - staffordshire university\games engine creation\semester 1\programs\chapter14_writingtoafile\debug\chapter14_writingtoafile.ilk
c:\users\w016902i\onedrive - staffordshire university\games engine creation\semester 1\programs\chapter14_writingtoafile\debug\chapter14_writingtoafile.exe
c:\users\w016902i\onedrive - staffordshire university\games engine creation\semester 1\programs\chapter14_writingtoafile\debug\chapter14_writingtoafile.pdb
c:\users\tony_\desktop\chapter14_writingtoafile\debug\chapter14_writingtoafile.ilk
c:\users\tony_\desktop\chapter14_writingtoafile\debug\chapter14_writingtoafile.exe
c:\users\tony_\desktop\chapter14_writingtoafile\debug\chapter14_writingtoafile.pdb
c:\users\tony_\desktop\writingtoafile\debug\writingtoafileexample.obj
c:\users\tony_\desktop\writingtoafile\debug\chapter14_writingtoafile.ilk
c:\users\tony_\desktop\writingtoafile\debug\vc142.idb
c:\users\tony_\desktop\writingtoafile\debug\chapter14_writingtoafile.pdb
c:\users\tony_\desktop\writingtoafile\debug\vc142.pdb
c:\users\tony_\desktop\writingtoafile\debug\chapter14_writingtoafile.exe
c:\users\tony_\desktop\writingtoafile\debug\chapter1.fc68c23d.tlog\cl.command.1.tlog
c:\users\tony_\desktop\writingtoafile\debug\chapter1.fc68c23d.tlog\cl.read.1.tlog
c:\users\tony_\desktop\writingtoafile\debug\chapter1.fc68c23d.tlog\cl.write.1.tlog
c:\users\tony_\desktop\writingtoafile\debug\chapter1.fc68c23d.tlog\link.command.1.tlog
c:\users\tony_\desktop\writingtoafile\debug\chapter1.fc68c23d.tlog\link.read.1.tlog
c:\users\tony_\desktop\writingtoafile\debug\chapter1.fc68c23d.tlog\link.write.1.tlog
